{
"typescript\\src\\bound.ts":{"path":"typescript\\src\\bound.ts","statementMap":{"1":{"start":{"line":1,"column":0},"end":{"line":34,"column":1}},"2":{"start":{"line":6,"column":4},"end":{"line":14,"column":5}},"3":{"start":{"line":8,"column":8},"end":{"line":10,"column":9}},"4":{"start":{"line":9,"column":12},"end":{"line":9,"column":61}},"5":{"start":{"line":12,"column":8},"end":{"line":12,"column":23}},"6":{"start":{"line":13,"column":8},"end":{"line":13,"column":23}},"7":{"start":{"line":16,"column":11},"end":{"line":18,"column":5}},"8":{"start":{"line":17,"column":8},"end":{"line":17,"column":54}},"9":{"start":{"line":20,"column":11},"end":{"line":32,"column":5}},"10":{"start":{"line":22,"column":8},"end":{"line":24,"column":9}},"11":{"start":{"line":23,"column":12},"end":{"line":23,"column":28}},"12":{"start":{"line":26,"column":8},"end":{"line":28,"column":9}},"13":{"start":{"line":27,"column":12},"end":{"line":27,"column":28}},"14":{"start":{"line":30,"column":8},"end":{"line":30,"column":21}},"15":{"start":{"line":34,"column":0},"end":{"line":34,"column":1}}},"fnMap":{"1":{"name":"(anonymous_1)","line":1,"loc":{"start":{"line":1,"column":0},"end":{"line":null,"column":-1}}},"2":{"name":"Bound","line":6,"loc":{"start":{"line":6,"column":4},"end":{"line":6,"column":40}}},"3":{"name":"(anonymous_3)","line":16,"loc":{"start":{"line":16,"column":4},"end":{"line":16,"column":32}}},"4":{"name":"(anonymous_4)","line":20,"loc":{"start":{"line":20,"column":4},"end":{"line":20,"column":32}}}},"branchMap":{"1":{"line":8,"type":"if","locations":[{"start":{"line":8,"column":8},"end":{"line":8,"column":7}},{"start":{"line":8,"column":8},"end":{"line":8,"column":7}}]},"2":{"line":17,"type":"binary-expr","locations":[{"start":{"line":17,"column":16},"end":{"line":17,"column":32}},{"start":{"line":17,"column":36},"end":{"line":17,"column":52}}]},"3":{"line":22,"type":"if","locations":[{"start":{"line":22,"column":8},"end":{"line":22,"column":7}},{"start":{"line":22,"column":8},"end":{"line":22,"column":7}}]},"4":{"line":26,"type":"if","locations":[{"start":{"line":26,"column":8},"end":{"line":26,"column":7}},{"start":{"line":26,"column":8},"end":{"line":26,"column":7}}]}},"s":{"1":2,"2":1,"3":10,"4":1,"5":9,"6":9,"7":1,"8":25,"9":1,"10":29,"11":5,"12":24,"13":5,"14":19,"15":1},"b":{"1":[1,9],"2":[25,21],"3":[5,24],"4":[5,19]},"f":{"1":1,"2":10,"3":25,"4":29},"l":{"1":2,"6":1,"8":10,"9":1,"12":9,"13":9,"16":1,"17":25,"20":1,"22":29,"23":5,"26":24,"27":5,"30":19,"34":1}},
"typescript\\src\\position.ts":{"path":"typescript\\src\\position.ts","statementMap":{"1":{"start":{"line":1,"column":0},"end":{"line":30,"column":1}},"2":{"start":{"line":6,"column":4},"end":{"line":9,"column":5}},"3":{"start":{"line":7,"column":8},"end":{"line":7,"column":19}},"4":{"start":{"line":8,"column":8},"end":{"line":8,"column":19}},"5":{"start":{"line":11,"column":11},"end":{"line":16,"column":5}},"6":{"start":{"line":12,"column":8},"end":{"line":15,"column":10}},"7":{"start":{"line":18,"column":11},"end":{"line":23,"column":5}},"8":{"start":{"line":19,"column":8},"end":{"line":22,"column":10}},"9":{"start":{"line":25,"column":11},"end":{"line":29,"column":5}},"10":{"start":{"line":27,"column":8},"end":{"line":27,"column":64}},"11":{"start":{"line":30,"column":0},"end":{"line":30,"column":1}}},"fnMap":{"1":{"name":"(anonymous_1)","line":1,"loc":{"start":{"line":1,"column":0},"end":{"line":null,"column":-1}}},"2":{"name":"Position","line":6,"loc":{"start":{"line":6,"column":4},"end":{"line":6,"column":36}}},"3":{"name":"(anonymous_3)","line":11,"loc":{"start":{"line":11,"column":4},"end":{"line":11,"column":34}}},"4":{"name":"(anonymous_4)","line":18,"loc":{"start":{"line":18,"column":4},"end":{"line":null,"column":-1}}},"5":{"name":"(anonymous_5)","line":25,"loc":{"start":{"line":25,"column":4},"end":{"line":25,"column":37}}}},"branchMap":{"1":{"line":27,"type":"binary-expr","locations":[{"start":{"line":27,"column":16},"end":{"line":27,"column":37}},{"start":{"line":27,"column":41},"end":{"line":27,"column":62}}]}},"s":{"1":2,"2":1,"3":907,"4":907,"5":1,"6":1,"7":1,"8":0,"9":1,"10":0,"11":1},"b":{"1":[0,0]},"f":{"1":1,"2":907,"3":1,"4":0,"5":0},"l":{"1":2,"6":1,"7":907,"8":907,"11":1,"12":1,"18":1,"19":0,"25":1,"27":0,"30":1}},
"typescript\\src\\boundposition.ts":{"path":"typescript\\src\\boundposition.ts","statementMap":{"1":{"start":{"line":1,"column":0},"end":{"line":1,"column":34}},"2":{"start":{"line":2,"column":0},"end":{"line":2,"column":28}},"3":{"start":{"line":4,"column":0},"end":{"line":37,"column":1}},"4":{"start":{"line":9,"column":4},"end":{"line":22,"column":5}},"5":{"start":{"line":11,"column":8},"end":{"line":13,"column":9}},"6":{"start":{"line":12,"column":12},"end":{"line":12,"column":70}},"7":{"start":{"line":15,"column":8},"end":{"line":17,"column":9}},"8":{"start":{"line":16,"column":12},"end":{"line":16,"column":70}},"9":{"start":{"line":19,"column":8},"end":{"line":19,"column":53}},"10":{"start":{"line":20,"column":8},"end":{"line":20,"column":53}},"11":{"start":{"line":24,"column":11},"end":{"line":26,"column":5}},"12":{"start":{"line":25,"column":8},"end":{"line":25,"column":68}},"13":{"start":{"line":28,"column":11},"end":{"line":35,"column":5}},"14":{"start":{"line":30,"column":8},"end":{"line":33,"column":10}},"15":{"start":{"line":37,"column":0},"end":{"line":37,"column":1}}},"fnMap":{"1":{"name":"(anonymous_1)","line":4,"loc":{"start":{"line":4,"column":0},"end":{"line":null,"column":-1}}},"2":{"name":"BoundPosition","line":9,"loc":{"start":{"line":9,"column":4},"end":{"line":9,"column":56}}},"3":{"name":"(anonymous_3)","line":24,"loc":{"start":{"line":24,"column":4},"end":{"line":24,"column":34}}},"4":{"name":"(anonymous_4)","line":28,"loc":{"start":{"line":28,"column":4},"end":{"line":28,"column":34}}}},"branchMap":{"1":{"line":11,"type":"if","locations":[{"start":{"line":11,"column":8},"end":{"line":11,"column":7}},{"start":{"line":11,"column":8},"end":{"line":11,"column":7}}]},"2":{"line":15,"type":"if","locations":[{"start":{"line":15,"column":8},"end":{"line":15,"column":7}},{"start":{"line":15,"column":8},"end":{"line":15,"column":7}}]},"3":{"line":25,"type":"binary-expr","locations":[{"start":{"line":25,"column":16},"end":{"line":25,"column":39}},{"start":{"line":25,"column":43},"end":{"line":25,"column":66}}]}},"s":{"1":1,"2":1,"3":2,"4":1,"5":5,"6":1,"7":4,"8":1,"9":3,"10":3,"11":1,"12":11,"13":1,"14":11,"15":1},"b":{"1":[1,4],"2":[1,3],"3":[11,7]},"f":{"1":1,"2":5,"3":11,"4":11},"l":{"1":1,"2":1,"4":2,"9":1,"11":5,"12":1,"15":4,"16":1,"19":3,"20":3,"24":1,"25":11,"28":1,"30":11,"37":1}},
"typescript\\src\\cell.ts":{"path":"typescript\\src\\cell.ts","statementMap":{"1":{"start":{"line":3,"column":0},"end":{"line":40,"column":1}},"2":{"start":{"line":11,"column":4},"end":{"line":13,"column":5}},"3":{"start":{"line":7,"column":12},"end":{"line":7,"column":39}},"4":{"start":{"line":9,"column":12},"end":{"line":9,"column":39}},"5":{"start":{"line":12,"column":8},"end":{"line":12,"column":33}},"6":{"start":{"line":15,"column":4},"end":{"line":17,"column":5}},"7":{"start":{"line":16,"column":8},"end":{"line":16,"column":31}},"8":{"start":{"line":19,"column":4},"end":{"line":21,"column":5}},"9":{"start":{"line":20,"column":8},"end":{"line":20,"column":31}},"10":{"start":{"line":23,"column":4},"end":{"line":25,"column":5}},"11":{"start":{"line":24,"column":8},"end":{"line":24,"column":41}},"12":{"start":{"line":27,"column":4},"end":{"line":29,"column":5}},"13":{"start":{"line":28,"column":8},"end":{"line":28,"column":32}},"14":{"start":{"line":31,"column":4},"end":{"line":38,"column":5}},"15":{"start":{"line":32,"column":8},"end":{"line":37,"column":9}},"16":{"start":{"line":33,"column":12},"end":{"line":33,"column":34}},"17":{"start":{"line":36,"column":12},"end":{"line":36,"column":35}},"18":{"start":{"line":40,"column":0},"end":{"line":40,"column":1}}},"fnMap":{"1":{"name":"(anonymous_1)","line":3,"loc":{"start":{"line":3,"column":0},"end":{"line":null,"column":-1}}},"2":{"name":"Cell","line":11,"loc":{"start":{"line":11,"column":4},"end":{"line":11,"column":34}}},"3":{"name":"(anonymous_3)","line":15,"loc":{"start":{"line":15,"column":4},"end":{"line":null,"column":-1}}},"4":{"name":"(anonymous_4)","line":19,"loc":{"start":{"line":19,"column":4},"end":{"line":null,"column":-1}}},"5":{"name":"(anonymous_5)","line":23,"loc":{"start":{"line":23,"column":4},"end":{"line":null,"column":-1}}},"6":{"name":"(anonymous_6)","line":27,"loc":{"start":{"line":27,"column":4},"end":{"line":null,"column":-1}}},"7":{"name":"(anonymous_7)","line":31,"loc":{"start":{"line":31,"column":4},"end":{"line":null,"column":-1}}}},"branchMap":{"1":{"line":32,"type":"if","locations":[{"start":{"line":32,"column":8},"end":{"line":32,"column":7}},{"start":{"line":32,"column":8},"end":{"line":32,"column":7}}]}},"s":{"1":2,"2":1,"3":14,"4":14,"5":14,"6":1,"7":1196,"8":1,"9":318,"10":1,"11":126,"12":1,"13":5,"14":1,"15":20,"16":15,"17":5,"18":1},"b":{"1":[15,5]},"f":{"1":1,"2":14,"3":1196,"4":318,"5":126,"6":5,"7":20},"l":{"3":2,"7":14,"9":14,"11":1,"12":14,"15":1,"16":1196,"19":1,"20":318,"23":1,"24":126,"27":1,"28":5,"31":1,"32":20,"33":15,"36":5,"40":1}},
"typescript\\src\\neighbours.ts":{"path":"typescript\\src\\neighbours.ts","statementMap":{"1":{"start":{"line":1,"column":0},"end":{"line":1,"column":34}},"2":{"start":{"line":3,"column":0},"end":{"line":40,"column":1}},"3":{"start":{"line":4,"column":4},"end":{"line":4,"column":36}},"4":{"start":{"line":6,"column":4},"end":{"line":6,"column":31}},"5":{"start":{"line":7,"column":4},"end":{"line":7,"column":31}},"6":{"start":{"line":10,"column":4},"end":{"line":12,"column":6}},"7":{"start":{"line":13,"column":4},"end":{"line":15,"column":6}},"8":{"start":{"line":16,"column":4},"end":{"line":18,"column":6}},"9":{"start":{"line":21,"column":4},"end":{"line":23,"column":6}},"10":{"start":{"line":24,"column":4},"end":{"line":26,"column":6}},"11":{"start":{"line":29,"column":4},"end":{"line":31,"column":6}},"12":{"start":{"line":32,"column":4},"end":{"line":34,"column":6}},"13":{"start":{"line":35,"column":4},"end":{"line":37,"column":6}},"14":{"start":{"line":39,"column":4},"end":{"line":39,"column":22}}},"fnMap":{"1":{"name":"getNeighbours","line":3,"loc":{"start":{"line":3,"column":0},"end":{"line":3,"column":56}}}},"branchMap":{},"s":{"1":1,"2":2,"3":61,"4":61,"5":61,"6":61,"7":61,"8":61,"9":61,"10":61,"11":61,"12":61,"13":61,"14":61},"b":{},"f":{"1":61},"l":{"1":1,"3":2,"4":61,"6":61,"7":61,"10":61,"13":61,"16":61,"21":61,"24":61,"29":61,"32":61,"35":61,"39":61}},
"typescript\\src\\habitat.ts":{"path":"typescript\\src\\habitat.ts","statementMap":{"1":{"start":{"line":2,"column":0},"end":{"line":2,"column":41}},"2":{"start":{"line":3,"column":0},"end":{"line":3,"column":26}},"3":{"start":{"line":4,"column":0},"end":{"line":4,"column":38}},"4":{"start":{"line":6,"column":0},"end":{"line":153,"column":1}},"5":{"start":{"line":10,"column":4},"end":{"line":12,"column":5}},"6":{"start":{"line":8,"column":12},"end":{"line":8,"column":31}},"7":{"start":{"line":14,"column":12},"end":{"line":31,"column":5}},"8":{"start":{"line":16,"column":8},"end":{"line":16,"column":29}},"9":{"start":{"line":18,"column":8},"end":{"line":28,"column":9}},"10":{"start":{"line":18,"column":13},"end":{"line":18,"column":21}},"11":{"start":{"line":20,"column":12},"end":{"line":27,"column":13}},"12":{"start":{"line":22,"column":16},"end":{"line":24,"column":17}},"13":{"start":{"line":23,"column":20},"end":{"line":23,"column":36}},"14":{"start":{"line":26,"column":16},"end":{"line":26,"column":22}},"15":{"start":{"line":30,"column":8},"end":{"line":30,"column":24}},"16":{"start":{"line":33,"column":12},"end":{"line":50,"column":5}},"17":{"start":{"line":35,"column":8},"end":{"line":35,"column":41}},"18":{"start":{"line":37,"column":8},"end":{"line":37,"column":61}},"19":{"start":{"line":39,"column":8},"end":{"line":46,"column":9}},"20":{"start":{"line":39,"column":13},"end":{"line":39,"column":26}},"21":{"start":{"line":40,"column":12},"end":{"line":40,"column":52}},"22":{"start":{"line":42,"column":12},"end":{"line":44,"column":13}},"23":{"start":{"line":43,"column":16},"end":{"line":43,"column":38}},"24":{"start":{"line":48,"column":8},"end":{"line":48,"column":32}},"25":{"start":{"line":52,"column":12},"end":{"line":101,"column":5}},"26":{"start":{"line":67,"column":8},"end":{"line":77,"column":9}},"27":{"start":{"line":67,"column":13},"end":{"line":67,"column":21}},"28":{"start":{"line":69,"column":12},"end":{"line":69,"column":77}},"29":{"start":{"line":71,"column":12},"end":{"line":73,"column":13}},"30":{"start":{"line":72,"column":16},"end":{"line":72,"column":25}},"31":{"start":{"line":75,"column":12},"end":{"line":75,"column":24}},"32":{"start":{"line":79,"column":8},"end":{"line":79,"column":31}},"33":{"start":{"line":81,"column":8},"end":{"line":94,"column":9}},"34":{"start":{"line":81,"column":13},"end":{"line":81,"column":21}},"35":{"start":{"line":83,"column":12},"end":{"line":83,"column":58}},"36":{"start":{"line":85,"column":12},"end":{"line":93,"column":13}},"37":{"start":{"line":85,"column":17},"end":{"line":85,"column":30}},"38":{"start":{"line":87,"column":16},"end":{"line":87,"column":77}},"39":{"start":{"line":89,"column":16},"end":{"line":91,"column":17}},"40":{"start":{"line":90,"column":20},"end":{"line":90,"column":79}},"41":{"start":{"line":96,"column":8},"end":{"line":99,"column":9}},"42":{"start":{"line":97,"column":12},"end":{"line":97,"column":65}},"43":{"start":{"line":98,"column":12},"end":{"line":98,"column":57}},"44":{"start":{"line":103,"column":12},"end":{"line":115,"column":5}},"45":{"start":{"line":105,"column":8},"end":{"line":105,"column":33}},"46":{"start":{"line":107,"column":8},"end":{"line":111,"column":9}},"47":{"start":{"line":107,"column":13},"end":{"line":107,"column":21}},"48":{"start":{"line":108,"column":12},"end":{"line":110,"column":13}},"49":{"start":{"line":109,"column":16},"end":{"line":109,"column":35}},"50":{"start":{"line":113,"column":8},"end":{"line":113,"column":29}},"51":{"start":{"line":117,"column":11},"end":{"line":127,"column":5}},"52":{"start":{"line":119,"column":8},"end":{"line":119,"column":26}},"53":{"start":{"line":121,"column":8},"end":{"line":123,"column":9}},"54":{"start":{"line":121,"column":13},"end":{"line":121,"column":21}},"55":{"start":{"line":122,"column":12},"end":{"line":122,"column":26}},"56":{"start":{"line":125,"column":8},"end":{"line":125,"column":28}},"57":{"start":{"line":130,"column":11},"end":{"line":132,"column":5}},"58":{"start":{"line":131,"column":8},"end":{"line":131,"column":50}},"59":{"start":{"line":134,"column":11},"end":{"line":138,"column":5}},"60":{"start":{"line":136,"column":8},"end":{"line":136,"column":26}},"61":{"start":{"line":140,"column":4},"end":{"line":151,"column":5}},"62":{"start":{"line":142,"column":8},"end":{"line":142,"column":36}},"63":{"start":{"line":144,"column":8},"end":{"line":148,"column":9}},"64":{"start":{"line":144,"column":13},"end":{"line":144,"column":21}},"65":{"start":{"line":145,"column":12},"end":{"line":147,"column":13}},"66":{"start":{"line":146,"column":16},"end":{"line":146,"column":43}},"67":{"start":{"line":150,"column":8},"end":{"line":150,"column":22}},"68":{"start":{"line":153,"column":0},"end":{"line":153,"column":1}}},"fnMap":{"1":{"name":"(anonymous_1)","line":6,"loc":{"start":{"line":6,"column":0},"end":{"line":null,"column":-1}}},"2":{"name":"Habitat","line":10,"loc":{"start":{"line":10,"column":4},"end":{"line":null,"column":-1}}},"3":{"name":"(anonymous_3)","line":14,"loc":{"start":{"line":14,"column":4},"end":{"line":14,"column":39}}},"4":{"name":"(anonymous_4)","line":33,"loc":{"start":{"line":33,"column":4},"end":{"line":33,"column":52}}},"5":{"name":"(anonymous_5)","line":52,"loc":{"start":{"line":52,"column":4},"end":{"line":null,"column":-1}}},"6":{"name":"(anonymous_6)","line":103,"loc":{"start":{"line":103,"column":4},"end":{"line":null,"column":-1}}},"7":{"name":"(anonymous_7)","line":117,"loc":{"start":{"line":117,"column":4},"end":{"line":null,"column":-1}}},"8":{"name":"(anonymous_8)","line":130,"loc":{"start":{"line":130,"column":4},"end":{"line":130,"column":34}}},"9":{"name":"(anonymous_9)","line":134,"loc":{"start":{"line":134,"column":4},"end":{"line":null,"column":-1}}},"10":{"name":"(anonymous_10)","line":140,"loc":{"start":{"line":140,"column":4},"end":{"line":null,"column":-1}}}},"branchMap":{"1":{"line":20,"type":"if","locations":[{"start":{"line":20,"column":12},"end":{"line":20,"column":11}},{"start":{"line":20,"column":12},"end":{"line":20,"column":11}}]},"2":{"line":20,"type":"binary-expr","locations":[{"start":{"line":20,"column":16},"end":{"line":20,"column":37}},{"start":{"line":20,"column":41},"end":{"line":20,"column":62}}]},"3":{"line":22,"type":"if","locations":[{"start":{"line":22,"column":16},"end":{"line":22,"column":15}},{"start":{"line":22,"column":16},"end":{"line":22,"column":15}}]},"4":{"line":42,"type":"if","locations":[{"start":{"line":42,"column":12},"end":{"line":42,"column":11}},{"start":{"line":42,"column":12},"end":{"line":42,"column":11}}]},"5":{"line":71,"type":"if","locations":[{"start":{"line":71,"column":12},"end":{"line":71,"column":11}},{"start":{"line":71,"column":12},"end":{"line":71,"column":11}}]},"6":{"line":71,"type":"binary-expr","locations":[{"start":{"line":71,"column":16},"end":{"line":71,"column":38}},{"start":{"line":71,"column":42},"end":{"line":71,"column":64}}]},"7":{"line":89,"type":"if","locations":[{"start":{"line":89,"column":16},"end":{"line":89,"column":15}},{"start":{"line":89,"column":16},"end":{"line":89,"column":15}}]},"8":{"line":108,"type":"if","locations":[{"start":{"line":108,"column":12},"end":{"line":108,"column":11}},{"start":{"line":108,"column":12},"end":{"line":108,"column":11}}]},"9":{"line":145,"type":"if","locations":[{"start":{"line":145,"column":12},"end":{"line":145,"column":11}},{"start":{"line":145,"column":12},"end":{"line":145,"column":11}}]}},"s":{"1":1,"2":1,"3":1,"4":2,"5":1,"6":4,"7":1,"8":432,"9":432,"10":1194,"11":1194,"12":100,"13":100,"14":100,"15":432,"16":1,"17":54,"18":54,"19":54,"20":432,"21":432,"22":432,"23":100,"24":54,"25":1,"26":2,"27":6,"28":6,"29":6,"30":2,"31":4,"32":2,"33":2,"34":6,"35":6,"36":6,"37":48,"38":48,"39":48,"40":12,"41":2,"42":4,"43":4,"44":1,"45":2,"46":2,"47":10,"48":10,"49":6,"50":2,"51":1,"52":2,"53":2,"54":10,"55":10,"56":2,"57":1,"58":5,"59":1,"60":6,"61":1,"62":5,"63":5,"64":10,"65":10,"66":10,"67":5,"68":1},"b":{"1":[100,1094],"2":[1194,316],"3":[100,0],"4":[100,332],"5":[2,4],"6":[6,4],"7":[12,36],"8":[6,4],"9":[10,0]},"f":{"1":1,"2":4,"3":432,"4":54,"5":2,"6":2,"7":2,"8":5,"9":6,"10":5},"l":{"2":1,"3":1,"4":1,"6":2,"8":4,"10":1,"14":1,"16":432,"18":1194,"20":1194,"22":100,"23":100,"26":100,"30":432,"33":1,"35":54,"37":54,"39":432,"40":432,"42":432,"43":100,"48":54,"52":1,"67":6,"69":6,"71":6,"72":2,"75":4,"79":2,"81":6,"83":6,"85":48,"87":48,"89":48,"90":12,"96":2,"97":4,"98":4,"103":1,"105":2,"107":10,"108":10,"109":6,"113":2,"117":1,"119":2,"121":10,"122":10,"125":2,"130":1,"131":5,"134":1,"136":6,"140":1,"142":5,"144":10,"145":10,"146":10,"150":5,"153":1}},
"typescript\\src\\livingcell.ts":{"path":"typescript\\src\\livingcell.ts","statementMap":{"1":{"start":{"line":1,"column":0},"end":{"line":1,"column":26}},"2":{"start":{"line":4,"column":0},"end":{"line":13,"column":1}},"3":{"start":{"line":4,"column":40},"end":{"line":4,"column":44}},"4":{"start":{"line":6,"column":4},"end":{"line":11,"column":5}},"5":{"start":{"line":9,"column":8},"end":{"line":9,"column":22}},"6":{"start":{"line":13,"column":0},"end":{"line":13,"column":1}}},"fnMap":{"1":{"name":"(anonymous_3)","line":4,"loc":{"start":{"line":4,"column":0},"end":{"line":null,"column":-1}}},"2":{"name":"LivingCell","line":6,"loc":{"start":{"line":6,"column":4},"end":{"line":6,"column":34}}}},"branchMap":{"1":{"line":7,"type":"binary-expr","locations":[{"start":{"line":7,"column":8},"end":{"line":7,"column":23}},{"start":{"line":7,"column":23},"end":{"line":11,"column":4}}]}},"s":{"1":1,"2":2,"3":1,"4":8,"5":7,"6":1},"b":{"1":[7,7]},"f":{"1":1,"2":7},"l":{"1":1,"4":2,"6":8,"9":7,"13":1}},
"typescript\\src\\pattern.ts":{"path":"typescript\\src\\pattern.ts","statementMap":{"1":{"start":{"line":1,"column":0},"end":{"line":1,"column":34}},"2":{"start":{"line":3,"column":0},"end":{"line":162,"column":1}},"3":{"start":{"line":11,"column":4},"end":{"line":15,"column":5}},"4":{"start":{"line":5,"column":12},"end":{"line":5,"column":39}},"5":{"start":{"line":13,"column":8},"end":{"line":13,"column":32}},"6":{"start":{"line":17,"column":12},"end":{"line":34,"column":5}},"7":{"start":{"line":18,"column":8},"end":{"line":18,"column":25}},"8":{"start":{"line":20,"column":8},"end":{"line":22,"column":9}},"9":{"start":{"line":20,"column":13},"end":{"line":20,"column":20}},"10":{"start":{"line":21,"column":12},"end":{"line":21,"column":37}},"11":{"start":{"line":24,"column":8},"end":{"line":26,"column":11}},"12":{"start":{"line":25,"column":12},"end":{"line":25,"column":49}},"13":{"start":{"line":28,"column":8},"end":{"line":30,"column":9}},"14":{"start":{"line":29,"column":12},"end":{"line":29,"column":77}},"15":{"start":{"line":32,"column":8},"end":{"line":32,"column":36}},"16":{"start":{"line":33,"column":8},"end":{"line":33,"column":38}},"17":{"start":{"line":36,"column":12},"end":{"line":54,"column":5}},"18":{"start":{"line":38,"column":8},"end":{"line":38,"column":37}},"19":{"start":{"line":40,"column":8},"end":{"line":52,"column":9}},"20":{"start":{"line":42,"column":12},"end":{"line":50,"column":13}},"21":{"start":{"line":44,"column":16},"end":{"line":48,"column":17}},"22":{"start":{"line":45,"column":20},"end":{"line":47,"column":22}},"23":{"start":{"line":56,"column":11},"end":{"line":58,"column":5}},"24":{"start":{"line":57,"column":8},"end":{"line":57,"column":30}},"25":{"start":{"line":60,"column":11},"end":{"line":62,"column":5}},"26":{"start":{"line":61,"column":8},"end":{"line":61,"column":26}},"27":{"start":{"line":64,"column":11},"end":{"line":66,"column":5}},"28":{"start":{"line":65,"column":8},"end":{"line":65,"column":27}},"29":{"start":{"line":68,"column":11},"end":{"line":79,"column":5}},"30":{"start":{"line":70,"column":8},"end":{"line":77,"column":9}},"31":{"start":{"line":72,"column":12},"end":{"line":75,"column":14}},"32":{"start":{"line":81,"column":11},"end":{"line":92,"column":5}},"33":{"start":{"line":83,"column":8},"end":{"line":90,"column":9}},"34":{"start":{"line":85,"column":12},"end":{"line":88,"column":14}},"35":{"start":{"line":94,"column":12},"end":{"line":135,"column":5}},"36":{"start":{"line":96,"column":8},"end":{"line":96,"column":33}},"37":{"start":{"line":98,"column":8},"end":{"line":102,"column":9}},"38":{"start":{"line":99,"column":12},"end":{"line":101,"column":14}},"39":{"start":{"line":100,"column":68},"end":{"line":100,"column":77}},"40":{"start":{"line":104,"column":8},"end":{"line":108,"column":9}},"41":{"start":{"line":104,"column":13},"end":{"line":104,"column":25}},"42":{"start":{"line":106,"column":12},"end":{"line":106,"column":44}},"43":{"start":{"line":110,"column":8},"end":{"line":110,"column":36}},"44":{"start":{"line":112,"column":8},"end":{"line":121,"column":9}},"45":{"start":{"line":114,"column":12},"end":{"line":114,"column":25}},"46":{"start":{"line":116,"column":12},"end":{"line":119,"column":13}},"47":{"start":{"line":118,"column":16},"end":{"line":118,"column":36}},"48":{"start":{"line":120,"column":12},"end":{"line":120,"column":39}},"49":{"start":{"line":123,"column":8},"end":{"line":123,"column":28}},"50":{"start":{"line":125,"column":8},"end":{"line":133,"column":9}},"51":{"start":{"line":126,"column":12},"end":{"line":131,"column":13}},"52":{"start":{"line":128,"column":16},"end":{"line":130,"column":17}},"53":{"start":{"line":129,"column":20},"end":{"line":129,"column":60}},"54":{"start":{"line":137,"column":11},"end":{"line":146,"column":5}},"55":{"start":{"line":139,"column":8},"end":{"line":139,"column":38}},"56":{"start":{"line":141,"column":8},"end":{"line":143,"column":9}},"57":{"start":{"line":142,"column":12},"end":{"line":142,"column":24}},"58":{"start":{"line":145,"column":8},"end":{"line":145,"column":24}},"59":{"start":{"line":148,"column":11},"end":{"line":160,"column":5}},"60":{"start":{"line":150,"column":8},"end":{"line":152,"column":9}},"61":{"start":{"line":151,"column":12},"end":{"line":151,"column":67}},"62":{"start":{"line":154,"column":8},"end":{"line":154,"column":46}},"63":{"start":{"line":156,"column":8},"end":{"line":158,"column":9}},"64":{"start":{"line":157,"column":12},"end":{"line":157,"column":28}},"65":{"start":{"line":162,"column":0},"end":{"line":162,"column":1}}},"fnMap":{"1":{"name":"(anonymous_1)","line":3,"loc":{"start":{"line":3,"column":0},"end":{"line":null,"column":-1}}},"2":{"name":"Pattern","line":11,"loc":{"start":{"line":11,"column":4},"end":{"line":11,"column":48}}},"3":{"name":"(anonymous_3)","line":17,"loc":{"start":{"line":17,"column":4},"end":{"line":17,"column":46}}},"4":{"name":"(anonymous_4)","line":24,"loc":{"start":{"line":24,"column":33},"end":{"line":24,"column":61}}},"5":{"name":"(anonymous_5)","line":36,"loc":{"start":{"line":36,"column":4},"end":{"line":36,"column":41}}},"6":{"name":"(anonymous_6)","line":56,"loc":{"start":{"line":56,"column":4},"end":{"line":null,"column":-1}}},"7":{"name":"(anonymous_7)","line":60,"loc":{"start":{"line":60,"column":4},"end":{"line":null,"column":-1}}},"8":{"name":"(anonymous_8)","line":64,"loc":{"start":{"line":64,"column":4},"end":{"line":null,"column":-1}}},"9":{"name":"(anonymous_9)","line":68,"loc":{"start":{"line":68,"column":4},"end":{"line":null,"column":-1}}},"10":{"name":"(anonymous_10)","line":81,"loc":{"start":{"line":81,"column":4},"end":{"line":null,"column":-1}}},"11":{"name":"(anonymous_11)","line":94,"loc":{"start":{"line":94,"column":4},"end":{"line":null,"column":-1}}},"12":{"name":"(anonymous_12)","line":100,"loc":{"start":{"line":100,"column":54},"end":{"line":100,"column":67}}},"13":{"name":"(anonymous_13)","line":137,"loc":{"start":{"line":137,"column":4},"end":{"line":137,"column":39}}},"14":{"name":"(anonymous_14)","line":148,"loc":{"start":{"line":148,"column":4},"end":{"line":148,"column":31}}}},"branchMap":{"1":{"line":28,"type":"if","locations":[{"start":{"line":28,"column":8},"end":{"line":28,"column":7}},{"start":{"line":28,"column":8},"end":{"line":28,"column":7}}]},"2":{"line":44,"type":"if","locations":[{"start":{"line":44,"column":16},"end":{"line":44,"column":15}},{"start":{"line":44,"column":16},"end":{"line":44,"column":15}}]},"3":{"line":128,"type":"if","locations":[{"start":{"line":128,"column":16},"end":{"line":128,"column":15}},{"start":{"line":128,"column":16},"end":{"line":128,"column":15}}]},"4":{"line":141,"type":"if","locations":[{"start":{"line":141,"column":8},"end":{"line":141,"column":7}},{"start":{"line":141,"column":8},"end":{"line":141,"column":7}}]},"5":{"line":150,"type":"if","locations":[{"start":{"line":150,"column":8},"end":{"line":150,"column":7}},{"start":{"line":150,"column":8},"end":{"line":150,"column":7}}]}},"s":{"1":1,"2":2,"3":1,"4":12,"5":12,"6":1,"7":12,"8":12,"9":31,"10":31,"11":12,"12":31,"13":12,"14":1,"15":11,"16":11,"17":1,"18":12,"19":11,"20":29,"21":89,"22":17,"23":1,"24":7,"25":1,"26":1,"27":1,"28":1,"29":1,"30":2,"31":3,"32":1,"33":2,"34":3,"35":1,"36":10,"37":10,"38":24,"39":60,"40":10,"41":18,"42":18,"43":10,"44":10,"45":24,"46":24,"47":60,"48":24,"49":10,"50":10,"51":24,"52":60,"53":18,"54":1,"55":24,"56":24,"57":17,"58":7,"59":1,"60":8,"61":1,"62":7,"63":7,"64":10,"65":1},"b":{"1":[1,11],"2":[17,72],"3":[18,42],"4":[17,7],"5":[1,7]},"f":{"1":1,"2":12,"3":12,"4":31,"5":12,"6":7,"7":1,"8":1,"9":2,"10":2,"11":10,"12":60,"13":24,"14":8},"l":{"1":1,"3":2,"5":12,"11":1,"13":12,"17":1,"18":12,"20":31,"21":31,"24":12,"25":31,"28":12,"29":1,"32":11,"33":11,"36":1,"38":12,"40":11,"42":29,"44":89,"45":17,"56":1,"57":7,"60":1,"61":1,"64":1,"65":1,"68":1,"70":2,"72":3,"81":1,"83":2,"85":3,"94":1,"96":10,"98":10,"99":24,"100":60,"104":18,"106":18,"110":10,"112":10,"114":24,"116":24,"118":60,"120":24,"123":10,"125":10,"126":24,"128":60,"129":18,"137":1,"139":24,"141":24,"142":17,"145":7,"148":1,"150":8,"151":1,"154":7,"156":7,"157":10,"162":1}},
"typescript\\src\\tween.ts":{"path":"typescript\\src\\tween.ts","statementMap":{"1":{"start":{"line":1,"column":0},"end":{"line":100,"column":1}},"2":{"start":{"line":12,"column":4},"end":{"line":19,"column":5}},"3":{"start":{"line":12,"column":31},"end":{"line":12,"column":41}},"4":{"start":{"line":10,"column":12},"end":{"line":10,"column":34}},"5":{"start":{"line":14,"column":8},"end":{"line":14,"column":27}},"6":{"start":{"line":15,"column":8},"end":{"line":15,"column":25}},"7":{"start":{"line":16,"column":8},"end":{"line":16,"column":29}},"8":{"start":{"line":17,"column":8},"end":{"line":17,"column":27}},"9":{"start":{"line":21,"column":11},"end":{"line":25,"column":5}},"10":{"start":{"line":23,"column":8},"end":{"line":23,"column":32}},"11":{"start":{"line":27,"column":11},"end":{"line":35,"column":5}},"12":{"start":{"line":29,"column":8},"end":{"line":29,"column":29}},"13":{"start":{"line":30,"column":8},"end":{"line":30,"column":31}},"14":{"start":{"line":31,"column":8},"end":{"line":31,"column":33}},"15":{"start":{"line":33,"column":8},"end":{"line":33,"column":27}},"16":{"start":{"line":37,"column":11},"end":{"line":53,"column":5}},"17":{"start":{"line":39,"column":8},"end":{"line":39,"column":23}},"18":{"start":{"line":40,"column":8},"end":{"line":40,"column":34}},"19":{"start":{"line":42,"column":8},"end":{"line":42,"column":27}},"20":{"start":{"line":44,"column":8},"end":{"line":47,"column":9}},"21":{"start":{"line":45,"column":12},"end":{"line":45,"column":34}},"22":{"start":{"line":46,"column":12},"end":{"line":46,"column":19}},"23":{"start":{"line":49,"column":8},"end":{"line":49,"column":38}},"24":{"start":{"line":51,"column":8},"end":{"line":51,"column":46}},"25":{"start":{"line":55,"column":11},"end":{"line":59,"column":5}},"26":{"start":{"line":57,"column":8},"end":{"line":57,"column":26}},"27":{"start":{"line":61,"column":11},"end":{"line":65,"column":5}},"28":{"start":{"line":63,"column":8},"end":{"line":63,"column":28}},"29":{"start":{"line":67,"column":11},"end":{"line":71,"column":5}},"30":{"start":{"line":69,"column":8},"end":{"line":69,"column":24}},"31":{"start":{"line":73,"column":11},"end":{"line":92,"column":5}},"32":{"start":{"line":75,"column":8},"end":{"line":77,"column":9}},"33":{"start":{"line":76,"column":12},"end":{"line":76,"column":19}},"34":{"start":{"line":79,"column":8},"end":{"line":82,"column":9}},"35":{"start":{"line":80,"column":12},"end":{"line":80,"column":36}},"36":{"start":{"line":81,"column":12},"end":{"line":81,"column":19}},"37":{"start":{"line":84,"column":8},"end":{"line":84,"column":42}},"38":{"start":{"line":86,"column":8},"end":{"line":86,"column":28}},"39":{"start":{"line":88,"column":8},"end":{"line":90,"column":9}},"40":{"start":{"line":89,"column":12},"end":{"line":89,"column":36}},"41":{"start":{"line":94,"column":11},"end":{"line":98,"column":5}},"42":{"start":{"line":96,"column":8},"end":{"line":96,"column":30}},"43":{"start":{"line":100,"column":0},"end":{"line":100,"column":1}}},"fnMap":{"1":{"name":"(anonymous_1)","line":1,"loc":{"start":{"line":1,"column":0},"end":{"line":null,"column":-1}}},"2":{"name":"Tween","line":12,"loc":{"start":{"line":12,"column":4},"end":{"line":12,"column":41}}},"3":{"name":"(anonymous_3)","line":21,"loc":{"start":{"line":21,"column":4},"end":{"line":21,"column":28}}},"4":{"name":"(anonymous_4)","line":27,"loc":{"start":{"line":27,"column":4},"end":{"line":27,"column":38}}},"5":{"name":"(anonymous_5)","line":37,"loc":{"start":{"line":37,"column":4},"end":{"line":37,"column":29}}},"6":{"name":"(anonymous_6)","line":55,"loc":{"start":{"line":55,"column":4},"end":{"line":null,"column":-1}}},"7":{"name":"(anonymous_7)","line":61,"loc":{"start":{"line":61,"column":4},"end":{"line":null,"column":-1}}},"8":{"name":"(anonymous_8)","line":67,"loc":{"start":{"line":67,"column":4},"end":{"line":null,"column":-1}}},"9":{"name":"(anonymous_9)","line":73,"loc":{"start":{"line":73,"column":4},"end":{"line":null,"column":-1}}},"10":{"name":"(anonymous_10)","line":94,"loc":{"start":{"line":94,"column":4},"end":{"line":null,"column":-1}}}},"branchMap":{"1":{"line":12,"type":"if","locations":[{"start":{"line":12,"column":31},"end":{"line":12,"column":30}},{"start":{"line":12,"column":31},"end":{"line":12,"column":30}}]},"2":{"line":44,"type":"if","locations":[{"start":{"line":44,"column":8},"end":{"line":44,"column":7}},{"start":{"line":44,"column":8},"end":{"line":44,"column":7}}]},"3":{"line":75,"type":"if","locations":[{"start":{"line":75,"column":8},"end":{"line":75,"column":7}},{"start":{"line":75,"column":8},"end":{"line":75,"column":7}}]},"4":{"line":79,"type":"if","locations":[{"start":{"line":79,"column":8},"end":{"line":79,"column":7}},{"start":{"line":79,"column":8},"end":{"line":79,"column":7}}]},"5":{"line":88,"type":"if","locations":[{"start":{"line":88,"column":8},"end":{"line":88,"column":7}},{"start":{"line":88,"column":8},"end":{"line":88,"column":7}}]}},"s":{"1":2,"2":1,"3":18,"4":15,"5":15,"6":15,"7":15,"8":15,"9":1,"10":351,"11":1,"12":0,"13":0,"14":0,"15":0,"16":1,"17":12,"18":12,"19":12,"20":12,"21":3,"22":3,"23":9,"24":9,"25":1,"26":15,"27":1,"28":574,"29":1,"30":15,"31":1,"32":351,"33":18,"34":333,"35":0,"36":0,"37":333,"38":333,"39":333,"40":6,"41":1,"42":17,"43":1},"b":{"1":[3,12],"2":[3,9],"3":[18,333],"4":[0,333],"5":[6,327]},"f":{"1":1,"2":15,"3":351,"4":0,"5":12,"6":15,"7":574,"8":15,"9":351,"10":17},"l":{"1":2,"10":15,"12":18,"14":15,"15":15,"16":15,"17":15,"21":1,"23":351,"27":1,"29":0,"30":0,"31":0,"33":0,"37":1,"39":12,"40":12,"42":12,"44":12,"45":3,"46":3,"49":9,"51":9,"55":1,"57":15,"61":1,"63":574,"67":1,"69":15,"73":1,"75":351,"76":18,"79":333,"80":0,"81":0,"84":333,"86":333,"88":333,"89":6,"94":1,"96":17,"100":1}},
"typescript\\src\\tweenposition.ts":{"path":"typescript\\src\\tweenposition.ts","statementMap":{"1":{"start":{"line":1,"column":0},"end":{"line":1,"column":34}},"2":{"start":{"line":2,"column":0},"end":{"line":2,"column":28}},"3":{"start":{"line":4,"column":0},"end":{"line":64,"column":1}},"4":{"start":{"line":11,"column":4},"end":{"line":17,"column":5}},"5":{"start":{"line":11,"column":33},"end":{"line":11,"column":43}},"6":{"start":{"line":13,"column":8},"end":{"line":13,"column":27}},"7":{"start":{"line":15,"column":8},"end":{"line":15,"column":48}},"8":{"start":{"line":16,"column":8},"end":{"line":16,"column":48}},"9":{"start":{"line":19,"column":11},"end":{"line":21,"column":5}},"10":{"start":{"line":20,"column":8},"end":{"line":20,"column":82}},"11":{"start":{"line":23,"column":11},"end":{"line":26,"column":5}},"12":{"start":{"line":24,"column":8},"end":{"line":24,"column":29}},"13":{"start":{"line":25,"column":8},"end":{"line":25,"column":29}},"14":{"start":{"line":28,"column":11},"end":{"line":31,"column":5}},"15":{"start":{"line":29,"column":8},"end":{"line":29,"column":38}},"16":{"start":{"line":30,"column":8},"end":{"line":30,"column":38}},"17":{"start":{"line":33,"column":11},"end":{"line":38,"column":5}},"18":{"start":{"line":34,"column":8},"end":{"line":37,"column":10}},"19":{"start":{"line":40,"column":11},"end":{"line":45,"column":5}},"20":{"start":{"line":41,"column":8},"end":{"line":44,"column":10}},"21":{"start":{"line":46,"column":11},"end":{"line":51,"column":5}},"22":{"start":{"line":47,"column":8},"end":{"line":50,"column":10}},"23":{"start":{"line":53,"column":11},"end":{"line":58,"column":5}},"24":{"start":{"line":55,"column":8},"end":{"line":55,"column":24}},"25":{"start":{"line":56,"column":8},"end":{"line":56,"column":24}},"26":{"start":{"line":60,"column":11},"end":{"line":62,"column":5}},"27":{"start":{"line":61,"column":8},"end":{"line":61,"column":37}},"28":{"start":{"line":64,"column":0},"end":{"line":64,"column":1}}},"fnMap":{"1":{"name":"(anonymous_1)","line":4,"loc":{"start":{"line":4,"column":0},"end":{"line":null,"column":-1}}},"2":{"name":"TweenPosition","line":11,"loc":{"start":{"line":11,"column":4},"end":{"line":11,"column":43}}},"3":{"name":"(anonymous_3)","line":19,"loc":{"start":{"line":19,"column":4},"end":{"line":19,"column":35}}},"4":{"name":"(anonymous_4)","line":23,"loc":{"start":{"line":23,"column":4},"end":{"line":23,"column":31}}},"5":{"name":"(anonymous_5)","line":28,"loc":{"start":{"line":28,"column":4},"end":{"line":28,"column":40}}},"6":{"name":"(anonymous_6)","line":33,"loc":{"start":{"line":33,"column":4},"end":{"line":null,"column":-1}}},"7":{"name":"(anonymous_7)","line":40,"loc":{"start":{"line":40,"column":4},"end":{"line":null,"column":-1}}},"8":{"name":"(anonymous_8)","line":46,"loc":{"start":{"line":46,"column":4},"end":{"line":null,"column":-1}}},"9":{"name":"(anonymous_9)","line":53,"loc":{"start":{"line":53,"column":4},"end":{"line":null,"column":-1}}},"10":{"name":"(anonymous_10)","line":60,"loc":{"start":{"line":60,"column":4},"end":{"line":null,"column":-1}}}},"branchMap":{"1":{"line":11,"type":"if","locations":[{"start":{"line":11,"column":33},"end":{"line":11,"column":32}},{"start":{"line":11,"column":33},"end":{"line":11,"column":32}}]},"2":{"line":20,"type":"binary-expr","locations":[{"start":{"line":20,"column":16},"end":{"line":20,"column":46}},{"start":{"line":20,"column":50},"end":{"line":20,"column":80}}]}},"s":{"1":1,"2":1,"3":2,"4":1,"5":8,"6":5,"7":5,"8":5,"9":1,"10":0,"11":1,"12":4,"13":4,"14":1,"15":0,"16":0,"17":1,"18":5,"19":1,"20":225,"21":1,"22":5,"23":1,"24":117,"25":117,"26":1,"27":0,"28":1},"b":{"1":[3,2],"2":[0,0]},"f":{"1":1,"2":5,"3":0,"4":4,"5":0,"6":5,"7":225,"8":5,"9":117,"10":0},"l":{"1":1,"2":1,"4":2,"11":8,"13":5,"15":5,"16":5,"19":1,"20":0,"23":1,"24":4,"25":4,"28":1,"29":0,"30":0,"33":1,"34":5,"40":1,"41":225,"46":1,"47":5,"53":1,"55":117,"56":117,"60":1,"61":0,"64":1}}}
