{"C:\\Users\\Bastian.Pertz\\work\\conway\\dist\\javascript\\src\\bound.js":{"path":"C:\\Users\\Bastian.Pertz\\work\\conway\\dist\\javascript\\src\\bound.js","s":{"1":1,"2":1,"3":10,"4":1,"5":9,"6":9,"7":1,"8":25,"9":1,"10":29,"11":5,"12":24,"13":5,"14":19,"15":1,"16":1,"17":1},"b":{"1":[1,9],"2":[25,21],"3":[5,24],"4":[5,19]},"f":{"1":1,"2":10,"3":25,"4":29},"fnMap":{"1":{"name":"(anonymous_1)","line":2,"loc":{"start":{"line":2,"column":13},"end":{"line":2,"column":25}}},"2":{"name":"Bound","line":3,"loc":{"start":{"line":3,"column":4},"end":{"line":3,"column":29}}},"3":{"name":"(anonymous_3)","line":10,"loc":{"start":{"line":10,"column":31},"end":{"line":10,"column":47}}},"4":{"name":"(anonymous_4)","line":13,"loc":{"start":{"line":13,"column":30},"end":{"line":13,"column":47}}}},"statementMap":{"1":{"start":{"line":2,"column":0},"end":{"line":23,"column":5}},"2":{"start":{"line":3,"column":4},"end":{"line":9,"column":5}},"3":{"start":{"line":4,"column":8},"end":{"line":6,"column":9}},"4":{"start":{"line":5,"column":12},"end":{"line":5,"column":61}},"5":{"start":{"line":7,"column":8},"end":{"line":7,"column":23}},"6":{"start":{"line":8,"column":8},"end":{"line":8,"column":23}},"7":{"start":{"line":10,"column":4},"end":{"line":12,"column":6}},"8":{"start":{"line":11,"column":8},"end":{"line":11,"column":54}},"9":{"start":{"line":13,"column":4},"end":{"line":21,"column":6}},"10":{"start":{"line":14,"column":8},"end":{"line":16,"column":9}},"11":{"start":{"line":15,"column":12},"end":{"line":15,"column":28}},"12":{"start":{"line":17,"column":8},"end":{"line":19,"column":9}},"13":{"start":{"line":18,"column":12},"end":{"line":18,"column":28}},"14":{"start":{"line":20,"column":8},"end":{"line":20,"column":21}},"15":{"start":{"line":22,"column":4},"end":{"line":22,"column":17}},"16":{"start":{"line":24,"column":0},"end":{"line":24,"column":62}},"17":{"start":{"line":25,"column":0},"end":{"line":25,"column":24}}},"branchMap":{"1":{"line":4,"type":"if","locations":[{"start":{"line":4,"column":8},"end":{"line":4,"column":8}},{"start":{"line":4,"column":8},"end":{"line":4,"column":8}}]},"2":{"line":11,"type":"binary-expr","locations":[{"start":{"line":11,"column":16},"end":{"line":11,"column":32}},{"start":{"line":11,"column":36},"end":{"line":11,"column":52}}]},"3":{"line":14,"type":"if","locations":[{"start":{"line":14,"column":8},"end":{"line":14,"column":8}},{"start":{"line":14,"column":8},"end":{"line":14,"column":8}}]},"4":{"line":17,"type":"if","locations":[{"start":{"line":17,"column":8},"end":{"line":17,"column":8}},{"start":{"line":17,"column":8},"end":{"line":17,"column":8}}]}}},"C:\\Users\\Bastian.Pertz\\work\\conway\\dist\\javascript\\src\\position.js":{"path":"C:\\Users\\Bastian.Pertz\\work\\conway\\dist\\javascript\\src\\position.js","s":{"1":1,"2":1,"3":907,"4":907,"5":1,"6":1,"7":1,"8":0,"9":1,"10":0,"11":1,"12":1,"13":1},"b":{"1":[0,0]},"f":{"1":1,"2":907,"3":1,"4":0,"5":0},"fnMap":{"1":{"name":"(anonymous_1)","line":2,"loc":{"start":{"line":2,"column":16},"end":{"line":2,"column":28}}},"2":{"name":"Position","line":3,"loc":{"start":{"line":3,"column":4},"end":{"line":3,"column":28}}},"3":{"name":"(anonymous_3)","line":7,"loc":{"start":{"line":7,"column":30},"end":{"line":7,"column":50}}},"4":{"name":"(anonymous_4)","line":10,"loc":{"start":{"line":10,"column":33},"end":{"line":10,"column":45}}},"5":{"name":"(anonymous_5)","line":13,"loc":{"start":{"line":13,"column":33},"end":{"line":13,"column":53}}}},"statementMap":{"1":{"start":{"line":2,"column":0},"end":{"line":17,"column":5}},"2":{"start":{"line":3,"column":4},"end":{"line":6,"column":5}},"3":{"start":{"line":4,"column":8},"end":{"line":4,"column":19}},"4":{"start":{"line":5,"column":8},"end":{"line":5,"column":19}},"5":{"start":{"line":7,"column":4},"end":{"line":9,"column":6}},"6":{"start":{"line":8,"column":8},"end":{"line":8,"column":70}},"7":{"start":{"line":10,"column":4},"end":{"line":12,"column":6}},"8":{"start":{"line":11,"column":8},"end":{"line":11,"column":54}},"9":{"start":{"line":13,"column":4},"end":{"line":15,"column":6}},"10":{"start":{"line":14,"column":8},"end":{"line":14,"column":64}},"11":{"start":{"line":16,"column":4},"end":{"line":16,"column":20}},"12":{"start":{"line":18,"column":0},"end":{"line":18,"column":62}},"13":{"start":{"line":19,"column":0},"end":{"line":19,"column":27}}},"branchMap":{"1":{"line":14,"type":"binary-expr","locations":[{"start":{"line":14,"column":16},"end":{"line":14,"column":37}},{"start":{"line":14,"column":41},"end":{"line":14,"column":62}}]}}},"C:\\Users\\Bastian.Pertz\\work\\conway\\dist\\javascript\\src\\boundposition.js":{"path":"C:\\Users\\Bastian.Pertz\\work\\conway\\dist\\javascript\\src\\boundposition.js","s":{"1":1,"2":1,"3":1,"4":1,"5":5,"6":1,"7":4,"8":1,"9":3,"10":3,"11":1,"12":11,"13":1,"14":11,"15":1,"16":1,"17":1},"b":{"1":[1,4],"2":[1,3],"3":[11,7]},"f":{"1":1,"2":5,"3":11,"4":11},"fnMap":{"1":{"name":"(anonymous_1)","line":4,"loc":{"start":{"line":4,"column":21},"end":{"line":4,"column":33}}},"2":{"name":"BoundPosition","line":5,"loc":{"start":{"line":5,"column":4},"end":{"line":5,"column":49}}},"3":{"name":"(anonymous_3)","line":15,"loc":{"start":{"line":15,"column":39},"end":{"line":15,"column":55}}},"4":{"name":"(anonymous_4)","line":18,"loc":{"start":{"line":18,"column":38},"end":{"line":18,"column":55}}}},"statementMap":{"1":{"start":{"line":2,"column":0},"end":{"line":2,"column":39}},"2":{"start":{"line":3,"column":0},"end":{"line":3,"column":33}},"3":{"start":{"line":4,"column":0},"end":{"line":22,"column":5}},"4":{"start":{"line":5,"column":4},"end":{"line":14,"column":5}},"5":{"start":{"line":6,"column":8},"end":{"line":8,"column":9}},"6":{"start":{"line":7,"column":12},"end":{"line":7,"column":70}},"7":{"start":{"line":9,"column":8},"end":{"line":11,"column":9}},"8":{"start":{"line":10,"column":12},"end":{"line":10,"column":70}},"9":{"start":{"line":12,"column":8},"end":{"line":12,"column":63}},"10":{"start":{"line":13,"column":8},"end":{"line":13,"column":63}},"11":{"start":{"line":15,"column":4},"end":{"line":17,"column":6}},"12":{"start":{"line":16,"column":8},"end":{"line":16,"column":68}},"13":{"start":{"line":18,"column":4},"end":{"line":20,"column":6}},"14":{"start":{"line":19,"column":8},"end":{"line":19,"column":88}},"15":{"start":{"line":21,"column":4},"end":{"line":21,"column":25}},"16":{"start":{"line":23,"column":0},"end":{"line":23,"column":62}},"17":{"start":{"line":24,"column":0},"end":{"line":24,"column":32}}},"branchMap":{"1":{"line":6,"type":"if","locations":[{"start":{"line":6,"column":8},"end":{"line":6,"column":8}},{"start":{"line":6,"column":8},"end":{"line":6,"column":8}}]},"2":{"line":9,"type":"if","locations":[{"start":{"line":9,"column":8},"end":{"line":9,"column":8}},{"start":{"line":9,"column":8},"end":{"line":9,"column":8}}]},"3":{"line":16,"type":"binary-expr","locations":[{"start":{"line":16,"column":16},"end":{"line":16,"column":39}},{"start":{"line":16,"column":43},"end":{"line":16,"column":66}}]}}},"C:\\Users\\Bastian.Pertz\\work\\conway\\dist\\javascript\\src\\cell.js":{"path":"C:\\Users\\Bastian.Pertz\\work\\conway\\dist\\javascript\\src\\cell.js","s":{"1":1,"2":1,"3":14,"4":14,"5":14,"6":1,"7":1196,"8":1,"9":318,"10":1,"11":126,"12":1,"13":5,"14":1,"15":20,"16":15,"17":5,"18":1,"19":1,"20":1},"b":{"1":[15,5]},"f":{"1":1,"2":14,"3":1196,"4":318,"5":126,"6":5,"7":20},"fnMap":{"1":{"name":"(anonymous_1)","line":2,"loc":{"start":{"line":2,"column":12},"end":{"line":2,"column":24}}},"2":{"name":"Cell","line":3,"loc":{"start":{"line":3,"column":4},"end":{"line":3,"column":28}}},"3":{"name":"(anonymous_3)","line":9,"loc":{"start":{"line":9,"column":13},"end":{"line":9,"column":25}}},"4":{"name":"(anonymous_4)","line":16,"loc":{"start":{"line":16,"column":13},"end":{"line":16,"column":25}}},"5":{"name":"(anonymous_5)","line":22,"loc":{"start":{"line":22,"column":29},"end":{"line":22,"column":41}}},"6":{"name":"(anonymous_6)","line":26,"loc":{"start":{"line":26,"column":26},"end":{"line":26,"column":38}}},"7":{"name":"(anonymous_7)","line":30,"loc":{"start":{"line":30,"column":28},"end":{"line":30,"column":40}}}},"statementMap":{"1":{"start":{"line":2,"column":0},"end":{"line":40,"column":5}},"2":{"start":{"line":3,"column":4},"end":{"line":7,"column":5}},"3":{"start":{"line":4,"column":8},"end":{"line":4,"column":31}},"4":{"start":{"line":5,"column":8},"end":{"line":5,"column":31}},"5":{"start":{"line":6,"column":8},"end":{"line":6,"column":33}},"6":{"start":{"line":8,"column":4},"end":{"line":14,"column":7}},"7":{"start":{"line":10,"column":12},"end":{"line":10,"column":35}},"8":{"start":{"line":15,"column":4},"end":{"line":21,"column":7}},"9":{"start":{"line":17,"column":12},"end":{"line":17,"column":35}},"10":{"start":{"line":22,"column":4},"end":{"line":24,"column":6}},"11":{"start":{"line":23,"column":8},"end":{"line":23,"column":41}},"12":{"start":{"line":26,"column":4},"end":{"line":28,"column":6}},"13":{"start":{"line":27,"column":8},"end":{"line":27,"column":32}},"14":{"start":{"line":30,"column":4},"end":{"line":37,"column":6}},"15":{"start":{"line":31,"column":8},"end":{"line":36,"column":9}},"16":{"start":{"line":32,"column":12},"end":{"line":32,"column":34}},"17":{"start":{"line":35,"column":12},"end":{"line":35,"column":35}},"18":{"start":{"line":39,"column":4},"end":{"line":39,"column":16}},"19":{"start":{"line":41,"column":0},"end":{"line":41,"column":62}},"20":{"start":{"line":42,"column":0},"end":{"line":42,"column":23}}},"branchMap":{"1":{"line":31,"type":"if","locations":[{"start":{"line":31,"column":8},"end":{"line":31,"column":8}},{"start":{"line":31,"column":8},"end":{"line":31,"column":8}}]}}},"C:\\Users\\Bastian.Pertz\\work\\conway\\dist\\javascript\\src\\neighbours.js":{"path":"C:\\Users\\Bastian.Pertz\\work\\conway\\dist\\javascript\\src\\neighbours.js","s":{"1":1,"2":1,"3":61,"4":61,"5":61,"6":61,"7":61,"8":61,"9":61,"10":61,"11":61,"12":61,"13":61,"14":61,"15":1,"16":1},"b":{},"f":{"1":61},"fnMap":{"1":{"name":"getNeighbours","line":3,"loc":{"start":{"line":3,"column":0},"end":{"line":3,"column":33}}}},"statementMap":{"1":{"start":{"line":2,"column":0},"end":{"line":2,"column":39}},"2":{"start":{"line":3,"column":0},"end":{"line":16,"column":1}},"3":{"start":{"line":4,"column":4},"end":{"line":4,"column":24}},"4":{"start":{"line":5,"column":4},"end":{"line":5,"column":23}},"5":{"start":{"line":6,"column":4},"end":{"line":6,"column":23}},"6":{"start":{"line":7,"column":4},"end":{"line":7,"column":58}},"7":{"start":{"line":8,"column":4},"end":{"line":8,"column":54}},"8":{"start":{"line":9,"column":4},"end":{"line":9,"column":58}},"9":{"start":{"line":10,"column":4},"end":{"line":10,"column":54}},"10":{"start":{"line":11,"column":4},"end":{"line":11,"column":54}},"11":{"start":{"line":12,"column":4},"end":{"line":12,"column":58}},"12":{"start":{"line":13,"column":4},"end":{"line":13,"column":54}},"13":{"start":{"line":14,"column":4},"end":{"line":14,"column":58}},"14":{"start":{"line":15,"column":4},"end":{"line":15,"column":22}},"15":{"start":{"line":17,"column":0},"end":{"line":17,"column":62}},"16":{"start":{"line":18,"column":0},"end":{"line":18,"column":32}}},"branchMap":{}},"C:\\Users\\Bastian.Pertz\\work\\conway\\dist\\javascript\\src\\habitat.js":{"path":"C:\\Users\\Bastian.Pertz\\work\\conway\\dist\\javascript\\src\\habitat.js","s":{"1":1,"2":1,"3":1,"4":1,"5":1,"6":4,"7":1,"8":432,"9":432,"10":1194,"11":1194,"12":100,"13":100,"14":100,"15":432,"16":1,"17":54,"18":54,"19":54,"20":432,"21":432,"22":432,"23":100,"24":54,"25":1,"26":2,"27":6,"28":6,"29":6,"30":2,"31":4,"32":2,"33":2,"34":6,"35":6,"36":6,"37":48,"38":48,"39":48,"40":12,"41":2,"42":4,"43":4,"44":1,"45":2,"46":2,"47":10,"48":10,"49":6,"50":2,"51":1,"52":2,"53":2,"54":10,"55":10,"56":2,"57":1,"58":5,"59":1,"60":6,"61":1,"62":5,"63":5,"64":10,"65":10,"66":10,"67":5,"68":1,"69":1,"70":1},"b":{"1":[100,1094],"2":[1194,316],"3":[100,0],"4":[100,332],"5":[2,4],"6":[6,4],"7":[12,36],"8":[6,4],"9":[10,0]},"f":{"1":1,"2":4,"3":432,"4":54,"5":2,"6":2,"7":2,"8":5,"9":6,"10":5},"fnMap":{"1":{"name":"(anonymous_1)","line":5,"loc":{"start":{"line":5,"column":15},"end":{"line":5,"column":27}}},"2":{"name":"Habitat","line":6,"loc":{"start":{"line":6,"column":4},"end":{"line":6,"column":23}}},"3":{"name":"(anonymous_3)","line":9,"loc":{"start":{"line":9,"column":33},"end":{"line":9,"column":53}}},"4":{"name":"(anonymous_4)","line":22,"loc":{"start":{"line":22,"column":46},"end":{"line":22,"column":66}}},"5":{"name":"(anonymous_5)","line":35,"loc":{"start":{"line":35,"column":35},"end":{"line":35,"column":47}}},"6":{"name":"(anonymous_6)","line":62,"loc":{"start":{"line":62,"column":37},"end":{"line":62,"column":49}}},"7":{"name":"(anonymous_7)","line":73,"loc":{"start":{"line":73,"column":31},"end":{"line":73,"column":43}}},"8":{"name":"(anonymous_8)","line":81,"loc":{"start":{"line":81,"column":29},"end":{"line":81,"column":49}}},"9":{"name":"(anonymous_9)","line":84,"loc":{"start":{"line":84,"column":36},"end":{"line":84,"column":48}}},"10":{"name":"(anonymous_10)","line":87,"loc":{"start":{"line":87,"column":28},"end":{"line":87,"column":40}}}},"statementMap":{"1":{"start":{"line":2,"column":0},"end":{"line":2,"column":43}},"2":{"start":{"line":3,"column":0},"end":{"line":3,"column":31}},"3":{"start":{"line":4,"column":0},"end":{"line":4,"column":43}},"4":{"start":{"line":5,"column":0},"end":{"line":99,"column":5}},"5":{"start":{"line":6,"column":4},"end":{"line":8,"column":5}},"6":{"start":{"line":7,"column":8},"end":{"line":7,"column":24}},"7":{"start":{"line":9,"column":4},"end":{"line":21,"column":6}},"8":{"start":{"line":10,"column":8},"end":{"line":10,"column":29}},"9":{"start":{"line":11,"column":8},"end":{"line":19,"column":9}},"10":{"start":{"line":12,"column":12},"end":{"line":12,"column":30}},"11":{"start":{"line":13,"column":12},"end":{"line":18,"column":13}},"12":{"start":{"line":14,"column":16},"end":{"line":16,"column":17}},"13":{"start":{"line":15,"column":20},"end":{"line":15,"column":36}},"14":{"start":{"line":17,"column":16},"end":{"line":17,"column":22}},"15":{"start":{"line":20,"column":8},"end":{"line":20,"column":24}},"16":{"start":{"line":22,"column":4},"end":{"line":33,"column":6}},"17":{"start":{"line":23,"column":8},"end":{"line":23,"column":33}},"18":{"start":{"line":24,"column":8},"end":{"line":24,"column":56}},"19":{"start":{"line":25,"column":8},"end":{"line":31,"column":9}},"20":{"start":{"line":26,"column":12},"end":{"line":26,"column":45}},"21":{"start":{"line":27,"column":12},"end":{"line":27,"column":52}},"22":{"start":{"line":28,"column":12},"end":{"line":30,"column":13}},"23":{"start":{"line":29,"column":16},"end":{"line":29,"column":38}},"24":{"start":{"line":32,"column":8},"end":{"line":32,"column":32}},"25":{"start":{"line":35,"column":4},"end":{"line":60,"column":6}},"26":{"start":{"line":36,"column":8},"end":{"line":43,"column":9}},"27":{"start":{"line":37,"column":12},"end":{"line":37,"column":30}},"28":{"start":{"line":38,"column":12},"end":{"line":38,"column":77}},"29":{"start":{"line":39,"column":12},"end":{"line":41,"column":13}},"30":{"start":{"line":40,"column":16},"end":{"line":40,"column":25}},"31":{"start":{"line":42,"column":12},"end":{"line":42,"column":24}},"32":{"start":{"line":44,"column":8},"end":{"line":44,"column":31}},"33":{"start":{"line":45,"column":8},"end":{"line":55,"column":9}},"34":{"start":{"line":46,"column":12},"end":{"line":46,"column":30}},"35":{"start":{"line":47,"column":12},"end":{"line":47,"column":65}},"36":{"start":{"line":48,"column":12},"end":{"line":54,"column":13}},"37":{"start":{"line":49,"column":16},"end":{"line":49,"column":49}},"38":{"start":{"line":50,"column":16},"end":{"line":50,"column":77}},"39":{"start":{"line":51,"column":16},"end":{"line":53,"column":17}},"40":{"start":{"line":52,"column":20},"end":{"line":52,"column":79}},"41":{"start":{"line":56,"column":8},"end":{"line":59,"column":9}},"42":{"start":{"line":57,"column":12},"end":{"line":57,"column":55}},"43":{"start":{"line":58,"column":12},"end":{"line":58,"column":67}},"44":{"start":{"line":62,"column":4},"end":{"line":71,"column":6}},"45":{"start":{"line":63,"column":8},"end":{"line":63,"column":25}},"46":{"start":{"line":64,"column":8},"end":{"line":69,"column":9}},"47":{"start":{"line":65,"column":12},"end":{"line":65,"column":30}},"48":{"start":{"line":66,"column":12},"end":{"line":68,"column":13}},"49":{"start":{"line":67,"column":16},"end":{"line":67,"column":35}},"50":{"start":{"line":70,"column":8},"end":{"line":70,"column":29}},"51":{"start":{"line":73,"column":4},"end":{"line":80,"column":6}},"52":{"start":{"line":74,"column":8},"end":{"line":74,"column":26}},"53":{"start":{"line":75,"column":8},"end":{"line":78,"column":9}},"54":{"start":{"line":76,"column":12},"end":{"line":76,"column":30}},"55":{"start":{"line":77,"column":12},"end":{"line":77,"column":26}},"56":{"start":{"line":79,"column":8},"end":{"line":79,"column":28}},"57":{"start":{"line":81,"column":4},"end":{"line":83,"column":6}},"58":{"start":{"line":82,"column":8},"end":{"line":82,"column":60}},"59":{"start":{"line":84,"column":4},"end":{"line":86,"column":6}},"60":{"start":{"line":85,"column":8},"end":{"line":85,"column":26}},"61":{"start":{"line":87,"column":4},"end":{"line":97,"column":6}},"62":{"start":{"line":88,"column":8},"end":{"line":88,"column":24}},"63":{"start":{"line":89,"column":8},"end":{"line":94,"column":9}},"64":{"start":{"line":90,"column":12},"end":{"line":90,"column":30}},"65":{"start":{"line":91,"column":12},"end":{"line":93,"column":13}},"66":{"start":{"line":92,"column":16},"end":{"line":92,"column":43}},"67":{"start":{"line":96,"column":8},"end":{"line":96,"column":22}},"68":{"start":{"line":98,"column":4},"end":{"line":98,"column":19}},"69":{"start":{"line":100,"column":0},"end":{"line":100,"column":62}},"70":{"start":{"line":101,"column":0},"end":{"line":101,"column":26}}},"branchMap":{"1":{"line":13,"type":"if","locations":[{"start":{"line":13,"column":12},"end":{"line":13,"column":12}},{"start":{"line":13,"column":12},"end":{"line":13,"column":12}}]},"2":{"line":13,"type":"binary-expr","locations":[{"start":{"line":13,"column":16},"end":{"line":13,"column":37}},{"start":{"line":13,"column":41},"end":{"line":13,"column":62}}]},"3":{"line":14,"type":"if","locations":[{"start":{"line":14,"column":16},"end":{"line":14,"column":16}},{"start":{"line":14,"column":16},"end":{"line":14,"column":16}}]},"4":{"line":28,"type":"if","locations":[{"start":{"line":28,"column":12},"end":{"line":28,"column":12}},{"start":{"line":28,"column":12},"end":{"line":28,"column":12}}]},"5":{"line":39,"type":"if","locations":[{"start":{"line":39,"column":12},"end":{"line":39,"column":12}},{"start":{"line":39,"column":12},"end":{"line":39,"column":12}}]},"6":{"line":39,"type":"binary-expr","locations":[{"start":{"line":39,"column":16},"end":{"line":39,"column":38}},{"start":{"line":39,"column":42},"end":{"line":39,"column":64}}]},"7":{"line":51,"type":"if","locations":[{"start":{"line":51,"column":16},"end":{"line":51,"column":16}},{"start":{"line":51,"column":16},"end":{"line":51,"column":16}}]},"8":{"line":66,"type":"if","locations":[{"start":{"line":66,"column":12},"end":{"line":66,"column":12}},{"start":{"line":66,"column":12},"end":{"line":66,"column":12}}]},"9":{"line":91,"type":"if","locations":[{"start":{"line":91,"column":12},"end":{"line":91,"column":12}},{"start":{"line":91,"column":12},"end":{"line":91,"column":12}}]}}},"C:\\Users\\Bastian.Pertz\\work\\conway\\dist\\javascript\\src\\livingcell.js":{"path":"C:\\Users\\Bastian.Pertz\\work\\conway\\dist\\javascript\\src\\livingcell.js","s":{"1":1,"2":1,"3":0,"4":0,"5":1,"6":1,"7":1,"8":1,"9":1,"10":1,"11":1,"12":7,"13":7,"14":7,"15":1,"16":1,"17":1},"b":{"1":[1,1,1],"2":[0,0],"3":[0,1],"4":[7,7]},"f":{"1":1,"2":1,"3":1,"4":7},"fnMap":{"1":{"name":"(anonymous_1)","line":2,"loc":{"start":{"line":2,"column":44},"end":{"line":2,"column":60}}},"2":{"name":"__","line":4,"loc":{"start":{"line":4,"column":4},"end":{"line":4,"column":18}}},"3":{"name":"(anonymous_3)","line":8,"loc":{"start":{"line":8,"column":18},"end":{"line":8,"column":36}}},"4":{"name":"LivingCell","line":10,"loc":{"start":{"line":10,"column":4},"end":{"line":10,"column":34}}}},"statementMap":{"1":{"start":{"line":2,"column":0},"end":{"line":6,"column":2}},"2":{"start":{"line":3,"column":4},"end":{"line":3,"column":58}},"3":{"start":{"line":3,"column":21},"end":{"line":3,"column":58}},"4":{"start":{"line":3,"column":46},"end":{"line":3,"column":58}},"5":{"start":{"line":4,"column":4},"end":{"line":4,"column":43}},"6":{"start":{"line":4,"column":20},"end":{"line":4,"column":41}},"7":{"start":{"line":5,"column":4},"end":{"line":5,"column":89}},"8":{"start":{"line":7,"column":0},"end":{"line":7,"column":31}},"9":{"start":{"line":8,"column":0},"end":{"line":16,"column":19}},"10":{"start":{"line":9,"column":4},"end":{"line":9,"column":34}},"11":{"start":{"line":10,"column":4},"end":{"line":14,"column":5}},"12":{"start":{"line":11,"column":8},"end":{"line":11,"column":56}},"13":{"start":{"line":12,"column":8},"end":{"line":12,"column":23}},"14":{"start":{"line":13,"column":8},"end":{"line":13,"column":21}},"15":{"start":{"line":15,"column":4},"end":{"line":15,"column":22}},"16":{"start":{"line":17,"column":0},"end":{"line":17,"column":62}},"17":{"start":{"line":18,"column":0},"end":{"line":18,"column":29}}},"branchMap":{"1":{"line":2,"type":"binary-expr","locations":[{"start":{"line":2,"column":17},"end":{"line":2,"column":21}},{"start":{"line":2,"column":25},"end":{"line":2,"column":39}},{"start":{"line":2,"column":44},"end":{"line":6,"column":1}}]},"2":{"line":3,"type":"if","locations":[{"start":{"line":3,"column":21},"end":{"line":3,"column":21}},{"start":{"line":3,"column":21},"end":{"line":3,"column":21}}]},"3":{"line":5,"type":"cond-expr","locations":[{"start":{"line":5,"column":31},"end":{"line":5,"column":47}},{"start":{"line":5,"column":51},"end":{"line":5,"column":87}}]},"4":{"line":11,"type":"binary-expr","locations":[{"start":{"line":11,"column":20},"end":{"line":11,"column":47}},{"start":{"line":11,"column":51},"end":{"line":11,"column":55}}]}}},"C:\\Users\\Bastian.Pertz\\work\\conway\\dist\\javascript\\src\\pattern.js":{"path":"C:\\Users\\Bastian.Pertz\\work\\conway\\dist\\javascript\\src\\pattern.js","s":{"1":1,"2":1,"3":1,"4":12,"5":12,"6":1,"7":12,"8":12,"9":31,"10":31,"11":12,"12":31,"13":12,"14":1,"15":11,"16":11,"17":1,"18":12,"19":11,"20":29,"21":89,"22":17,"23":1,"24":7,"25":1,"26":1,"27":1,"28":1,"29":1,"30":2,"31":3,"32":1,"33":2,"34":3,"35":1,"36":10,"37":10,"38":24,"39":60,"40":10,"41":18,"42":18,"43":10,"44":10,"45":24,"46":24,"47":60,"48":24,"49":10,"50":10,"51":24,"52":60,"53":18,"54":1,"55":24,"56":24,"57":17,"58":7,"59":1,"60":8,"61":1,"62":7,"63":7,"64":10,"65":1,"66":1,"67":1},"b":{"1":[1,11],"2":[17,72],"3":[18,42],"4":[17,7],"5":[1,7]},"f":{"1":1,"2":12,"3":12,"4":31,"5":12,"6":7,"7":1,"8":1,"9":2,"10":2,"11":10,"12":60,"13":24,"14":8},"fnMap":{"1":{"name":"(anonymous_1)","line":3,"loc":{"start":{"line":3,"column":15},"end":{"line":3,"column":27}}},"2":{"name":"Pattern","line":4,"loc":{"start":{"line":4,"column":4},"end":{"line":4,"column":35}}},"3":{"name":"(anonymous_3)","line":8,"loc":{"start":{"line":8,"column":40},"end":{"line":8,"column":58}}},"4":{"name":"(anonymous_4)","line":14,"loc":{"start":{"line":14,"column":33},"end":{"line":14,"column":63}}},"5":{"name":"(anonymous_5)","line":23,"loc":{"start":{"line":23,"column":35},"end":{"line":23,"column":53}}},"6":{"name":"(anonymous_6)","line":33,"loc":{"start":{"line":33,"column":28},"end":{"line":33,"column":40}}},"7":{"name":"(anonymous_7)","line":36,"loc":{"start":{"line":36,"column":33},"end":{"line":36,"column":45}}},"8":{"name":"(anonymous_8)","line":39,"loc":{"start":{"line":39,"column":34},"end":{"line":39,"column":46}}},"9":{"name":"(anonymous_9)","line":42,"loc":{"start":{"line":42,"column":39},"end":{"line":42,"column":51}}},"10":{"name":"(anonymous_10)","line":47,"loc":{"start":{"line":47,"column":41},"end":{"line":47,"column":53}}},"11":{"name":"(anonymous_11)","line":52,"loc":{"start":{"line":52,"column":33},"end":{"line":52,"column":45}}},"12":{"name":"(anonymous_12)","line":55,"loc":{"start":{"line":55,"column":59},"end":{"line":55,"column":71}}},"13":{"name":"(anonymous_13)","line":78,"loc":{"start":{"line":78,"column":39},"end":{"line":78,"column":56}}},"14":{"name":"(anonymous_14)","line":86,"loc":{"start":{"line":86,"column":31},"end":{"line":86,"column":48}}}},"statementMap":{"1":{"start":{"line":2,"column":0},"end":{"line":2,"column":39}},"2":{"start":{"line":3,"column":0},"end":{"line":96,"column":5}},"3":{"start":{"line":4,"column":4},"end":{"line":7,"column":5}},"4":{"start":{"line":5,"column":8},"end":{"line":5,"column":28}},"5":{"start":{"line":6,"column":8},"end":{"line":6,"column":32}},"6":{"start":{"line":8,"column":4},"end":{"line":22,"column":6}},"7":{"start":{"line":9,"column":8},"end":{"line":9,"column":25}},"8":{"start":{"line":10,"column":8},"end":{"line":13,"column":9}},"9":{"start":{"line":11,"column":12},"end":{"line":11,"column":35}},"10":{"start":{"line":12,"column":12},"end":{"line":12,"column":37}},"11":{"start":{"line":14,"column":8},"end":{"line":16,"column":11}},"12":{"start":{"line":15,"column":12},"end":{"line":15,"column":49}},"13":{"start":{"line":17,"column":8},"end":{"line":19,"column":9}},"14":{"start":{"line":18,"column":12},"end":{"line":18,"column":77}},"15":{"start":{"line":20,"column":8},"end":{"line":20,"column":36}},"16":{"start":{"line":21,"column":8},"end":{"line":21,"column":38}},"17":{"start":{"line":23,"column":4},"end":{"line":32,"column":6}},"18":{"start":{"line":24,"column":8},"end":{"line":24,"column":37}},"19":{"start":{"line":25,"column":8},"end":{"line":31,"column":9}},"20":{"start":{"line":26,"column":12},"end":{"line":30,"column":13}},"21":{"start":{"line":27,"column":16},"end":{"line":29,"column":17}},"22":{"start":{"line":28,"column":20},"end":{"line":28,"column":74}},"23":{"start":{"line":33,"column":4},"end":{"line":35,"column":6}},"24":{"start":{"line":34,"column":8},"end":{"line":34,"column":30}},"25":{"start":{"line":36,"column":4},"end":{"line":38,"column":6}},"26":{"start":{"line":37,"column":8},"end":{"line":37,"column":26}},"27":{"start":{"line":39,"column":4},"end":{"line":41,"column":6}},"28":{"start":{"line":40,"column":8},"end":{"line":40,"column":27}},"29":{"start":{"line":42,"column":4},"end":{"line":46,"column":6}},"30":{"start":{"line":43,"column":8},"end":{"line":45,"column":9}},"31":{"start":{"line":44,"column":12},"end":{"line":44,"column":114}},"32":{"start":{"line":47,"column":4},"end":{"line":51,"column":6}},"33":{"start":{"line":48,"column":8},"end":{"line":50,"column":9}},"34":{"start":{"line":49,"column":12},"end":{"line":49,"column":114}},"35":{"start":{"line":52,"column":4},"end":{"line":77,"column":6}},"36":{"start":{"line":53,"column":8},"end":{"line":53,"column":21}},"37":{"start":{"line":54,"column":8},"end":{"line":56,"column":9}},"38":{"start":{"line":55,"column":12},"end":{"line":55,"column":87}},"39":{"start":{"line":55,"column":73},"end":{"line":55,"column":82}},"40":{"start":{"line":57,"column":8},"end":{"line":60,"column":9}},"41":{"start":{"line":58,"column":12},"end":{"line":58,"column":34}},"42":{"start":{"line":59,"column":12},"end":{"line":59,"column":44}},"43":{"start":{"line":61,"column":8},"end":{"line":61,"column":24}},"44":{"start":{"line":62,"column":8},"end":{"line":68,"column":9}},"45":{"start":{"line":63,"column":12},"end":{"line":63,"column":25}},"46":{"start":{"line":64,"column":12},"end":{"line":66,"column":13}},"47":{"start":{"line":65,"column":16},"end":{"line":65,"column":36}},"48":{"start":{"line":67,"column":12},"end":{"line":67,"column":39}},"49":{"start":{"line":69,"column":8},"end":{"line":69,"column":28}},"50":{"start":{"line":70,"column":8},"end":{"line":76,"column":9}},"51":{"start":{"line":71,"column":12},"end":{"line":75,"column":13}},"52":{"start":{"line":72,"column":16},"end":{"line":74,"column":17}},"53":{"start":{"line":73,"column":20},"end":{"line":73,"column":70}},"54":{"start":{"line":78,"column":4},"end":{"line":84,"column":6}},"55":{"start":{"line":79,"column":8},"end":{"line":79,"column":38}},"56":{"start":{"line":80,"column":8},"end":{"line":82,"column":9}},"57":{"start":{"line":81,"column":12},"end":{"line":81,"column":24}},"58":{"start":{"line":83,"column":8},"end":{"line":83,"column":24}},"59":{"start":{"line":86,"column":4},"end":{"line":94,"column":6}},"60":{"start":{"line":87,"column":8},"end":{"line":89,"column":9}},"61":{"start":{"line":88,"column":12},"end":{"line":88,"column":67}},"62":{"start":{"line":90,"column":8},"end":{"line":90,"column":46}},"63":{"start":{"line":91,"column":8},"end":{"line":93,"column":9}},"64":{"start":{"line":92,"column":12},"end":{"line":92,"column":28}},"65":{"start":{"line":95,"column":4},"end":{"line":95,"column":19}},"66":{"start":{"line":97,"column":0},"end":{"line":97,"column":62}},"67":{"start":{"line":98,"column":0},"end":{"line":98,"column":26}}},"branchMap":{"1":{"line":17,"type":"if","locations":[{"start":{"line":17,"column":8},"end":{"line":17,"column":8}},{"start":{"line":17,"column":8},"end":{"line":17,"column":8}}]},"2":{"line":27,"type":"if","locations":[{"start":{"line":27,"column":16},"end":{"line":27,"column":16}},{"start":{"line":27,"column":16},"end":{"line":27,"column":16}}]},"3":{"line":72,"type":"if","locations":[{"start":{"line":72,"column":16},"end":{"line":72,"column":16}},{"start":{"line":72,"column":16},"end":{"line":72,"column":16}}]},"4":{"line":80,"type":"if","locations":[{"start":{"line":80,"column":8},"end":{"line":80,"column":8}},{"start":{"line":80,"column":8},"end":{"line":80,"column":8}}]},"5":{"line":87,"type":"if","locations":[{"start":{"line":87,"column":8},"end":{"line":87,"column":8}},{"start":{"line":87,"column":8},"end":{"line":87,"column":8}}]}}},"C:\\Users\\Bastian.Pertz\\work\\conway\\dist\\javascript\\src\\tween.js":{"path":"C:\\Users\\Bastian.Pertz\\work\\conway\\dist\\javascript\\src\\tween.js","s":{"1":1,"2":1,"3":15,"4":3,"5":15,"6":15,"7":15,"8":15,"9":15,"10":1,"11":351,"12":1,"13":0,"14":0,"15":0,"16":0,"17":1,"18":12,"19":12,"20":12,"21":12,"22":3,"23":3,"24":9,"25":9,"26":1,"27":15,"28":1,"29":574,"30":1,"31":15,"32":1,"33":351,"34":18,"35":333,"36":0,"37":0,"38":333,"39":333,"40":333,"41":6,"42":1,"43":17,"44":1,"45":1,"46":1},"b":{"1":[3,12],"2":[3,9],"3":[18,333],"4":[0,333],"5":[6,327]},"f":{"1":1,"2":15,"3":351,"4":0,"5":12,"6":15,"7":574,"8":15,"9":351,"10":17},"fnMap":{"1":{"name":"(anonymous_1)","line":2,"loc":{"start":{"line":2,"column":13},"end":{"line":2,"column":25}}},"2":{"name":"Tween","line":3,"loc":{"start":{"line":3,"column":4},"end":{"line":3,"column":33}}},"3":{"name":"(anonymous_3)","line":11,"loc":{"start":{"line":11,"column":28},"end":{"line":11,"column":43}}},"4":{"name":"(anonymous_4)","line":14,"loc":{"start":{"line":14,"column":32},"end":{"line":14,"column":53}}},"5":{"name":"(anonymous_5)","line":20,"loc":{"start":{"line":20,"column":29},"end":{"line":20,"column":44}}},"6":{"name":"(anonymous_6)","line":31,"loc":{"start":{"line":31,"column":31},"end":{"line":31,"column":43}}},"7":{"name":"(anonymous_7)","line":34,"loc":{"start":{"line":34,"column":33},"end":{"line":34,"column":45}}},"8":{"name":"(anonymous_8)","line":37,"loc":{"start":{"line":37,"column":29},"end":{"line":37,"column":41}}},"9":{"name":"(anonymous_9)","line":40,"loc":{"start":{"line":40,"column":29},"end":{"line":40,"column":41}}},"10":{"name":"(anonymous_10)","line":54,"loc":{"start":{"line":54,"column":35},"end":{"line":54,"column":47}}}},"statementMap":{"1":{"start":{"line":2,"column":0},"end":{"line":58,"column":5}},"2":{"start":{"line":3,"column":4},"end":{"line":10,"column":5}},"3":{"start":{"line":4,"column":8},"end":{"line":4,"column":45}},"4":{"start":{"line":4,"column":32},"end":{"line":4,"column":43}},"5":{"start":{"line":5,"column":8},"end":{"line":5,"column":27}},"6":{"start":{"line":6,"column":8},"end":{"line":6,"column":27}},"7":{"start":{"line":7,"column":8},"end":{"line":7,"column":25}},"8":{"start":{"line":8,"column":8},"end":{"line":8,"column":29}},"9":{"start":{"line":9,"column":8},"end":{"line":9,"column":27}},"10":{"start":{"line":11,"column":4},"end":{"line":13,"column":6}},"11":{"start":{"line":12,"column":8},"end":{"line":12,"column":32}},"12":{"start":{"line":14,"column":4},"end":{"line":19,"column":6}},"13":{"start":{"line":15,"column":8},"end":{"line":15,"column":29}},"14":{"start":{"line":16,"column":8},"end":{"line":16,"column":31}},"15":{"start":{"line":17,"column":8},"end":{"line":17,"column":33}},"16":{"start":{"line":18,"column":8},"end":{"line":18,"column":27}},"17":{"start":{"line":20,"column":4},"end":{"line":30,"column":6}},"18":{"start":{"line":21,"column":8},"end":{"line":21,"column":23}},"19":{"start":{"line":22,"column":8},"end":{"line":22,"column":34}},"20":{"start":{"line":23,"column":8},"end":{"line":23,"column":27}},"21":{"start":{"line":24,"column":8},"end":{"line":27,"column":9}},"22":{"start":{"line":25,"column":12},"end":{"line":25,"column":34}},"23":{"start":{"line":26,"column":12},"end":{"line":26,"column":19}},"24":{"start":{"line":28,"column":8},"end":{"line":28,"column":36}},"25":{"start":{"line":29,"column":8},"end":{"line":29,"column":46}},"26":{"start":{"line":31,"column":4},"end":{"line":33,"column":6}},"27":{"start":{"line":32,"column":8},"end":{"line":32,"column":26}},"28":{"start":{"line":34,"column":4},"end":{"line":36,"column":6}},"29":{"start":{"line":35,"column":8},"end":{"line":35,"column":28}},"30":{"start":{"line":37,"column":4},"end":{"line":39,"column":6}},"31":{"start":{"line":38,"column":8},"end":{"line":38,"column":24}},"32":{"start":{"line":40,"column":4},"end":{"line":53,"column":6}},"33":{"start":{"line":41,"column":8},"end":{"line":43,"column":9}},"34":{"start":{"line":42,"column":12},"end":{"line":42,"column":19}},"35":{"start":{"line":44,"column":8},"end":{"line":47,"column":9}},"36":{"start":{"line":45,"column":12},"end":{"line":45,"column":36}},"37":{"start":{"line":46,"column":12},"end":{"line":46,"column":19}},"38":{"start":{"line":48,"column":8},"end":{"line":48,"column":42}},"39":{"start":{"line":49,"column":8},"end":{"line":49,"column":28}},"40":{"start":{"line":50,"column":8},"end":{"line":52,"column":9}},"41":{"start":{"line":51,"column":12},"end":{"line":51,"column":36}},"42":{"start":{"line":54,"column":4},"end":{"line":56,"column":6}},"43":{"start":{"line":55,"column":8},"end":{"line":55,"column":30}},"44":{"start":{"line":57,"column":4},"end":{"line":57,"column":17}},"45":{"start":{"line":59,"column":0},"end":{"line":59,"column":62}},"46":{"start":{"line":60,"column":0},"end":{"line":60,"column":24}}},"branchMap":{"1":{"line":4,"type":"if","locations":[{"start":{"line":4,"column":8},"end":{"line":4,"column":8}},{"start":{"line":4,"column":8},"end":{"line":4,"column":8}}]},"2":{"line":24,"type":"if","locations":[{"start":{"line":24,"column":8},"end":{"line":24,"column":8}},{"start":{"line":24,"column":8},"end":{"line":24,"column":8}}]},"3":{"line":41,"type":"if","locations":[{"start":{"line":41,"column":8},"end":{"line":41,"column":8}},{"start":{"line":41,"column":8},"end":{"line":41,"column":8}}]},"4":{"line":44,"type":"if","locations":[{"start":{"line":44,"column":8},"end":{"line":44,"column":8}},{"start":{"line":44,"column":8},"end":{"line":44,"column":8}}]},"5":{"line":50,"type":"if","locations":[{"start":{"line":50,"column":8},"end":{"line":50,"column":8}},{"start":{"line":50,"column":8},"end":{"line":50,"column":8}}]}}},"C:\\Users\\Bastian.Pertz\\work\\conway\\dist\\javascript\\src\\tweenposition.js":{"path":"C:\\Users\\Bastian.Pertz\\work\\conway\\dist\\javascript\\src\\tweenposition.js","s":{"1":1,"2":1,"3":1,"4":1,"5":5,"6":3,"7":5,"8":5,"9":5,"10":1,"11":0,"12":1,"13":4,"14":4,"15":1,"16":0,"17":0,"18":1,"19":5,"20":1,"21":225,"22":1,"23":5,"24":1,"25":117,"26":117,"27":1,"28":0,"29":1,"30":1,"31":1},"b":{"1":[3,2],"2":[0,0]},"f":{"1":1,"2":5,"3":0,"4":4,"5":0,"6":5,"7":225,"8":5,"9":117,"10":0},"fnMap":{"1":{"name":"(anonymous_1)","line":4,"loc":{"start":{"line":4,"column":21},"end":{"line":4,"column":33}}},"2":{"name":"TweenPosition","line":5,"loc":{"start":{"line":5,"column":4},"end":{"line":5,"column":41}}},"3":{"name":"(anonymous_3)","line":11,"loc":{"start":{"line":11,"column":36},"end":{"line":11,"column":56}}},"4":{"name":"(anonymous_4)","line":14,"loc":{"start":{"line":14,"column":37},"end":{"line":14,"column":52}}},"5":{"name":"(anonymous_5)","line":18,"loc":{"start":{"line":18,"column":40},"end":{"line":18,"column":61}}},"6":{"name":"(anonymous_6)","line":22,"loc":{"start":{"line":22,"column":39},"end":{"line":22,"column":51}}},"7":{"name":"(anonymous_7)","line":25,"loc":{"start":{"line":25,"column":41},"end":{"line":25,"column":53}}},"8":{"name":"(anonymous_8)","line":28,"loc":{"start":{"line":28,"column":37},"end":{"line":28,"column":49}}},"9":{"name":"(anonymous_9)","line":31,"loc":{"start":{"line":31,"column":37},"end":{"line":31,"column":49}}},"10":{"name":"(anonymous_10)","line":35,"loc":{"start":{"line":35,"column":43},"end":{"line":35,"column":55}}}},"statementMap":{"1":{"start":{"line":2,"column":0},"end":{"line":2,"column":39}},"2":{"start":{"line":3,"column":0},"end":{"line":3,"column":33}},"3":{"start":{"line":4,"column":0},"end":{"line":39,"column":5}},"4":{"start":{"line":5,"column":4},"end":{"line":10,"column":5}},"5":{"start":{"line":6,"column":8},"end":{"line":6,"column":45}},"6":{"start":{"line":6,"column":32},"end":{"line":6,"column":43}},"7":{"start":{"line":7,"column":8},"end":{"line":7,"column":27}},"8":{"start":{"line":8,"column":8},"end":{"line":8,"column":58}},"9":{"start":{"line":9,"column":8},"end":{"line":9,"column":58}},"10":{"start":{"line":11,"column":4},"end":{"line":13,"column":6}},"11":{"start":{"line":12,"column":8},"end":{"line":12,"column":82}},"12":{"start":{"line":14,"column":4},"end":{"line":17,"column":6}},"13":{"start":{"line":15,"column":8},"end":{"line":15,"column":29}},"14":{"start":{"line":16,"column":8},"end":{"line":16,"column":29}},"15":{"start":{"line":18,"column":4},"end":{"line":21,"column":6}},"16":{"start":{"line":19,"column":8},"end":{"line":19,"column":38}},"17":{"start":{"line":20,"column":8},"end":{"line":20,"column":38}},"18":{"start":{"line":22,"column":4},"end":{"line":24,"column":6}},"19":{"start":{"line":23,"column":8},"end":{"line":23,"column":76}},"20":{"start":{"line":25,"column":4},"end":{"line":27,"column":6}},"21":{"start":{"line":26,"column":8},"end":{"line":26,"column":80}},"22":{"start":{"line":28,"column":4},"end":{"line":30,"column":6}},"23":{"start":{"line":29,"column":8},"end":{"line":29,"column":72}},"24":{"start":{"line":31,"column":4},"end":{"line":34,"column":6}},"25":{"start":{"line":32,"column":8},"end":{"line":32,"column":24}},"26":{"start":{"line":33,"column":8},"end":{"line":33,"column":24}},"27":{"start":{"line":35,"column":4},"end":{"line":37,"column":6}},"28":{"start":{"line":36,"column":8},"end":{"line":36,"column":37}},"29":{"start":{"line":38,"column":4},"end":{"line":38,"column":25}},"30":{"start":{"line":40,"column":0},"end":{"line":40,"column":62}},"31":{"start":{"line":41,"column":0},"end":{"line":41,"column":32}}},"branchMap":{"1":{"line":6,"type":"if","locations":[{"start":{"line":6,"column":8},"end":{"line":6,"column":8}},{"start":{"line":6,"column":8},"end":{"line":6,"column":8}}]},"2":{"line":12,"type":"binary-expr","locations":[{"start":{"line":12,"column":16},"end":{"line":12,"column":46}},{"start":{"line":12,"column":50},"end":{"line":12,"column":80}}]}}}}